2024-05-29 23:52:46,735 INFO  [Log] Title of the Page is displayed 
2024-05-29 23:52:46,997 INFO  [Log] Home page 
2024-05-29 23:55:05,665 INFO  [Log] Title of the Page is displayed 
2024-05-29 23:55:05,916 INFO  [Log] Home page 
2024-05-30 00:05:34,772 INFO  [Log] Title of the Page is displayed 
2024-05-30 00:05:35,033 INFO  [Log] Home page 
2024-05-30 00:06:15,785 INFO  [Log] Title of the Page is displayed 
2024-05-30 00:06:16,065 INFO  [Log] Home page 
2024-05-30 00:10:17,584 INFO  [Log] Title of the Page is displayed 
2024-05-30 00:10:17,843 INFO  [Log] Home page 
2024-05-30 00:14:08,799 INFO  [Log] Title of the Page is displayed 
2024-05-30 00:14:09,051 INFO  [Log] Home page 
2024-05-30 00:14:13,462 INFO  [Log] WebView Page 
2024-05-30 00:15:46,794 INFO  [Log] Login Page 
2024-05-30 00:16:14,868 INFO  [Log] Swipe page 
2024-05-30 00:17:53,109 INFO  [Log] Title of the Page is displayed 
2024-05-30 00:17:53,345 INFO  [Log] Home page 
2024-05-30 00:17:57,745 INFO  [Log] WebView Page 
2024-05-30 00:19:29,763 INFO  [Log] Login Page 
2024-05-30 00:19:51,905 INFO  [Log] Forms page 
2024-05-30 00:20:03,620 INFO  [Log] Swipe page 
2024-05-30 00:20:22,767 INFO  [Log] Drag and Drop Page 
2024-05-30 00:22:00,630 INFO  [Log] Title of the Page is displayed 
2024-05-30 00:22:01,106 INFO  [Log] Home page 
2024-05-30 00:22:05,589 INFO  [Log] WebView Page 
2024-05-30 00:23:42,037 INFO  [Log] Login Page 
2024-05-30 00:24:05,903 INFO  [Log] Forms page 
2024-05-30 00:24:17,335 INFO  [Log] Swipe page 
2024-05-30 00:24:36,170 INFO  [Log] Drag and Drop Page 
2024-05-30 14:07:20,656 INFO  [Log] Title of the Page is displayed 
2024-05-30 14:08:33,771 INFO  [Log] Title of the Page is displayed 
2024-05-30 14:09:41,432 INFO  [Log] Title of the Page is displayed 
2024-05-30 14:18:11,903 INFO  [Log] Title of the Page is displayed 
2024-05-30 14:18:52,567 INFO  [Log] Title of the Page is displayed 
2024-05-30 14:18:52,853 INFO  [Log] Home page 
2024-05-30 14:19:06,573 INFO  [Log] WebView Page 
2024-05-30 14:20:38,109 INFO  [Log] WebView Page 
2024-05-30 14:27:29,376 INFO  [Log] WebView Page 
2024-05-30 14:32:14,586 INFO  [Log] WebView Page 
2024-05-31 09:55:29,631 INFO  [Log] WebView Page 
2024-06-05 01:13:37,395 INFO  [Log] Title of the Page is displayed 
2024-06-05 01:13:37,720 INFO  [Log] Home page 
2024-06-05 02:00:03,249 INFO  [Log] Title of the Page is displayed 
2024-06-05 02:00:03,716 INFO  [Log] Home page 
2024-06-05 14:42:39,756 INFO  [Log] Drag and Drop Page 
2024-06-05 14:43:13,263 INFO  [Log] Title of the Page is displayed 
2024-06-05 14:43:14,089 INFO  [Log] Home page 
2024-06-05 14:43:18,621 INFO  [Log] Login Page 
2024-06-05 14:43:40,739 INFO  [Log] Swipe page 
2024-06-05 14:45:28,407 INFO  [Log] Title of the Page is displayed 
2024-06-05 14:45:29,162 INFO  [Log] Home page 
2024-06-05 14:46:10,710 INFO  [Log] Login Page 
2024-06-05 14:46:33,024 INFO  [Log] Swipe page 
2024-06-05 14:46:55,566 INFO  [Log] Drag and Drop Page 
2024-06-05 14:47:46,371 INFO  [Log] Title of the Page is displayed 
2024-06-05 14:47:46,688 INFO  [Log] Home page 
2024-06-05 14:48:43,503 INFO  [Log] Title of the Page is displayed 
2024-06-05 14:48:43,786 INFO  [Log] Home page 
2024-06-05 14:50:14,795 INFO  [Log] Title of the Page is displayed 
2024-06-05 14:50:15,152 INFO  [Log] Home page 
2024-06-05 14:50:56,286 INFO  [Log] Login Page 
2024-06-05 14:51:18,824 INFO  [Log] Swipe page 
2024-06-05 14:51:42,694 INFO  [Log] Drag and Drop Page 
2024-06-05 14:52:23,752 INFO  [Log] Title of the Page is displayed 
2024-06-05 14:52:24,053 INFO  [Log] Home page 
2024-06-05 14:53:06,969 INFO  [Log] Login Page 
2024-06-05 14:53:43,654 INFO  [Log] Swipe page 
2024-06-05 14:54:06,706 INFO  [Log] Title of the Page is displayed 
2024-06-05 14:54:07,032 INFO  [Log] Home page 
2024-06-05 14:54:39,681 INFO  [Log] Login Page 
2024-06-05 14:54:53,388 INFO  [Log] Swipe page 
2024-06-05 14:55:07,038 INFO  [Log] Drag and Drop Page 
2024-06-05 14:58:25,628 INFO  [Log] Title of the Page is displayed 
2024-06-05 14:58:25,866 INFO  [Log] Home page 
2024-06-05 14:58:58,753 INFO  [Log] Title of the Page is displayed 
2024-06-05 14:58:59,052 INFO  [Log] Home page 
2024-06-05 15:02:29,967 INFO  [Log] Title of the Page is displayed 
2024-06-05 15:02:30,313 INFO  [Log] Home page 
2024-06-05 15:02:33,198 INFO  [Log] Login Page 
2024-06-05 15:02:51,190 INFO  [Log] Swipe page 
2024-06-05 15:03:17,532 INFO  [Log] Drag and Drop Page 
2024-06-05 15:04:15,495 INFO  [Log] Swipe page 
2024-06-05 15:07:23,829 INFO  [Log] Swipe page 
2024-06-05 15:10:04,780 INFO  [Log] Login Page 
2024-06-05 15:11:42,985 INFO  [Log] Title of the Page is displayed 
2024-06-05 15:11:43,250 INFO  [Log] Home page 
2024-06-05 15:11:46,062 INFO  [Log] Login Page 
2024-06-05 15:12:08,402 INFO  [Log] Swipe page 
2024-06-05 15:12:29,096 INFO  [Log] Drag and Drop Page 
2024-06-05 15:15:21,609 INFO  [Log] Forms page 
2024-06-05 15:15:41,430 INFO  [Log] Title of the Page is displayed 
2024-06-05 15:15:57,412 INFO  [Log] Login Page 
2024-06-05 15:16:15,386 INFO  [Log] Title of the Page is displayed 
2024-06-05 15:16:15,642 INFO  [Log] Home page 
2024-06-05 15:16:18,538 INFO  [Log] Login Page 
2024-06-05 15:16:38,782 INFO  [Log] Forms page 
2024-06-05 15:16:58,155 INFO  [Log] Swipe page 
2024-06-05 15:17:18,966 INFO  [Log] Drag and Drop Page 
2024-06-05 15:19:41,438 INFO  [Log] Forms page 
2024-06-05 15:24:09,832 INFO  [Log] Forms page 
2024-06-05 15:24:45,868 INFO  [Log] Title of the Page is displayed 
2024-06-05 15:24:46,139 INFO  [Log] Home page 
2024-06-05 15:24:48,974 INFO  [Log] Login Page 
2024-06-05 15:25:11,833 INFO  [Log] Forms page 
2024-06-05 15:25:19,367 INFO  [Log] Swipe page 
2024-06-05 15:25:40,417 INFO  [Log] Drag and Drop Page 
2024-08-16 10:48:51,410 INFO  [Log] Login Page 
